<?xml version="1.0" encoding="UTF-8"?>
<!-- Generated by org.testng.reporters.JUnitXMLReporter -->
<testsuite hostname="DELL-PC" ignored="0" name="Votw_Test" tests="4" failures="0" timestamp="30 Jun 2017 17:37:51 GMT" time="0.108" errors="0">
  <testcase name="testMethod" time="0.001" classname="votw.votwLoginPage"/>
  <testcase name="testMethod1" time="0.001" classname="votw.votwLoginPage"/>
  <testcase name="testMethod2" time="0.0" classname="votw.votwLoginPage"/>
  <testcase name="testMethod3" time="0.0" classname="votw.votwLoginPage"/>
</testsuite> <!-- Votw_Test -->
