<?xml version="1.0" encoding="UTF-8"?>
<testng-results skipped="0" failed="0" ignored="0" total="4" passed="4">
  <reporter-output>
  </reporter-output>
  <suite name="Votw_TestSuite" duration-ms="108" started-at="2017-06-30T17:37:51Z" finished-at="2017-06-30T17:37:51Z">
    <groups>
    </groups>
    <test name="Votw_Test" duration-ms="108" started-at="2017-06-30T17:37:51Z" finished-at="2017-06-30T17:37:51Z">
      <class name="votw.votwLoginPage">
        <test-method status="PASS" signature="getBrowser()[pri:0, instance:votw.votwLoginPage@6cd8737]" name="getBrowser" is-config="true" duration-ms="14878" started-at="2017-06-30T23:07:36Z" finished-at="2017-06-30T23:07:51Z">
          <reporter-output>
          </reporter-output>
        </test-method> <!-- getBrowser -->
        <test-method status="PASS" signature="testMethod()[pri:0, instance:votw.votwLoginPage@6cd8737]" name="testMethod" duration-ms="1" started-at="2017-06-30T23:07:51Z" finished-at="2017-06-30T23:07:51Z">
          <reporter-output>
          </reporter-output>
        </test-method> <!-- testMethod -->
        <test-method status="PASS" signature="testMethod1()[pri:0, instance:votw.votwLoginPage@6cd8737]" name="testMethod1" duration-ms="1" started-at="2017-06-30T23:07:51Z" finished-at="2017-06-30T23:07:51Z">
          <reporter-output>
          </reporter-output>
        </test-method> <!-- testMethod1 -->
        <test-method status="PASS" signature="testMethod2()[pri:0, instance:votw.votwLoginPage@6cd8737]" name="testMethod2" duration-ms="0" started-at="2017-06-30T23:07:51Z" finished-at="2017-06-30T23:07:51Z">
          <reporter-output>
          </reporter-output>
        </test-method> <!-- testMethod2 -->
        <test-method status="PASS" signature="testMethod3()[pri:0, instance:votw.votwLoginPage@6cd8737]" name="testMethod3" duration-ms="0" started-at="2017-06-30T23:07:51Z" finished-at="2017-06-30T23:07:51Z">
          <reporter-output>
          </reporter-output>
        </test-method> <!-- testMethod3 -->
        <test-method status="PASS" signature="closeBrowser()[pri:0, instance:votw.votwLoginPage@6cd8737]" name="closeBrowser" is-config="true" duration-ms="1110" started-at="2017-06-30T23:07:51Z" finished-at="2017-06-30T23:07:52Z">
          <reporter-output>
          </reporter-output>
        </test-method> <!-- closeBrowser -->
      </class> <!-- votw.votwLoginPage -->
    </test> <!-- Votw_Test -->
  </suite> <!-- Votw_TestSuite -->
</testng-results>
